d:\sourcecode\university\th_ktlt\do_an_ck\search_engine_gui\search_engine_gui\x64\release\moc_search_engine_gui.obj
d:\sourcecode\university\th_ktlt\do_an_ck\search_engine_gui\search_engine_gui\x64\release\qrc_search_engine_gui.obj
d:\sourcecode\university\th_ktlt\do_an_ck\search_engine_gui\search_engine_gui\x64\release\main.obj
d:\sourcecode\university\th_ktlt\do_an_ck\search_engine_gui\search_engine_gui\x64\release\search_engine_gui.obj
d:\sourcecode\university\th_ktlt\do_an_ck\search_engine_gui\x64\release\search_engine_gui.exe
d:\sourcecode\university\th_ktlt\do_an_ck\search_engine_gui\search_engine_gui\x64\release\moc\moc_search_engine_gui.cpp
d:\sourcecode\university\th_ktlt\do_an_ck\search_engine_gui\search_engine_gui\x64\release\rcc\qrc_search_engine_gui.cpp
d:\sourcecode\university\th_ktlt\do_an_ck\search_engine_gui\search_engine_gui\x64\release\uic\ui_search_engine_gui.h
d:\sourcecode\university\th_ktlt\do_an_ck\search_engine_gui\search_engine_gui\x64\release\search_e.c04cf62b.tlog\cl.command.1.tlog
d:\sourcecode\university\th_ktlt\do_an_ck\search_engine_gui\search_engine_gui\x64\release\search_e.c04cf62b.tlog\cl.read.1.tlog
d:\sourcecode\university\th_ktlt\do_an_ck\search_engine_gui\search_engine_gui\x64\release\search_e.c04cf62b.tlog\cl.write.1.tlog
d:\sourcecode\university\th_ktlt\do_an_ck\search_engine_gui\search_engine_gui\x64\release\search_e.c04cf62b.tlog\link.command.1.tlog
d:\sourcecode\university\th_ktlt\do_an_ck\search_engine_gui\search_engine_gui\x64\release\search_e.c04cf62b.tlog\link.read.1.tlog
d:\sourcecode\university\th_ktlt\do_an_ck\search_engine_gui\search_engine_gui\x64\release\search_e.c04cf62b.tlog\link.write.1.tlog
d:\sourcecode\university\th_ktlt\do_an_ck\search_engine_gui\search_engine_gui\x64\release\search_e.c04cf62b.tlog\moc.read.1u.tlog
d:\sourcecode\university\th_ktlt\do_an_ck\search_engine_gui\search_engine_gui\x64\release\search_e.c04cf62b.tlog\moc.write.1u.tlog
d:\sourcecode\university\th_ktlt\do_an_ck\search_engine_gui\search_engine_gui\x64\release\search_e.c04cf62b.tlog\rcc.read.1u.tlog
d:\sourcecode\university\th_ktlt\do_an_ck\search_engine_gui\search_engine_gui\x64\release\search_e.c04cf62b.tlog\rcc.write.1u.tlog
d:\sourcecode\university\th_ktlt\do_an_ck\search_engine_gui\search_engine_gui\x64\release\search_e.c04cf62b.tlog\search_engine_gui.write.1u.tlog
d:\sourcecode\university\th_ktlt\do_an_ck\search_engine_gui\search_engine_gui\x64\release\search_e.c04cf62b.tlog\uic.read.1u.tlog
d:\sourcecode\university\th_ktlt\do_an_ck\search_engine_gui\search_engine_gui\x64\release\search_e.c04cf62b.tlog\uic.write.1u.tlog
